<?xml version="1.0" encoding="UTF-8"?>
<!-- Generated by org.testng.reporters.JUnitReportReporter -->
<testsuite hostname="DESKTOP-0FVFNCI" failures="0" tests="1" name="TestCases.ListPublicRepositories" time="2.065" errors="0" timestamp="2023-12-29T21:40:12 IST" skipped="0">
  <testcase classname="TestCases.ListPublicRepositories" name="listPublicRepositories" time="2.065"/>
  <system-out/>
</testsuite> <!-- TestCases.ListPublicRepositories -->
