<?xml version="1.0" encoding="UTF-8"?>
<!-- Generated by org.testng.reporters.JUnitReportReporter -->
<testsuite hostname="DESKTOP-0FVFNCI" failures="0" tests="1" name="TestCases.GetListofRepositories" time="2.390" errors="0" timestamp="2023-12-29T21:39:38 IST" skipped="0">
  <testcase classname="TestCases.GetListofRepositories" name="getListofRepositories" time="2.390"/>
  <system-out/>
</testsuite> <!-- TestCases.GetListofRepositories -->
