<?xml version="1.0" encoding="UTF-8"?>
<!-- Generated by org.testng.reporters.JUnitReportReporter -->
<testsuite hostname="DESKTOP-0FVFNCI" failures="0" tests="1" name="TestCases.GetARepository" time="3.083" errors="0" timestamp="2023-12-29T12:41:12 IST" skipped="0">
  <testcase classname="TestCases.GetARepository" name="getRepository" time="3.083"/>
  <system-out/>
</testsuite> <!-- TestCases.GetARepository -->
