<?xml version="1.0" encoding="UTF-8"?>
<!-- Generated by org.testng.reporters.JUnitReportReporter -->
<testsuite hostname="DESKTOP-0FVFNCI" failures="0" tests="1" name="TestCases.CreateRepositoryForAuthenticatedUser" time="5.112" errors="0" timestamp="2023-12-29T12:13:38 IST" skipped="0">
  <testcase classname="TestCases.CreateRepositoryForAuthenticatedUser" name="createRepo" time="5.112"/>
  <system-out/>
</testsuite> <!-- TestCases.CreateRepositoryForAuthenticatedUser -->
