<?xml version="1.0" encoding="UTF-8"?>
<!-- Generated by org.testng.reporters.JUnitReportReporter -->
<testsuite hostname="DESKTOP-0FVFNCI" failures="0" tests="1" name="TestCases.TransferRepository" time="2.259" errors="0" timestamp="2023-12-29T21:57:53 IST" skipped="0">
  <testcase classname="TestCases.TransferRepository" name="transferRepo" time="2.259"/>
  <system-out>
    <![CDATA[{"id":736872830,"node_id":"R_kgDOK-vJfg","name":"API_Framework3","full_name":"supriyahv15/API_Framework3","owner":{"login":"supriyahv15","id":142662769,"node_id":"U_kgDOCIDccQ","avatar_url":"https://avatars.githubusercontent.com/u/142662769?v=4","gravatar_id":"","url":"https://api.github.com/users/supriyahv15","html_url":"https://github.com/supriyahv15","followers_url":"https://api.github.com/users/supriyahv15/followers","following_url":"https://api.github.com/users/supriyahv15/following{/other_user}","gists_url":"https://api.github.com/users/supriyahv15/gists{/gist_id}","starred_url":"https://api.github.com/users/supriyahv15/starred{/owner}{/repo}","subscriptions_url":"https://api.github.com/users/supriyahv15/subscriptions","organizations_url":"https://api.github.com/users/supriyahv15/orgs","repos_url":"https://api.github.com/users/supriyahv15/repos","events_url":"https://api.github.com/users/supriyahv15/events{/privacy}","received_events_url":"https://api.github.com/users/supriyahv15/received_events","type":"User","site_admin":false},"private":false,"html_url":"https://github.com/supriyahv15/API_Framework3","description":"github rest assured1","fork":false,"url":"https://api.github.com/repos/supriyahv15/API_Framework3","topics":[],"forks_url":"https://api.github.com/repos/supriyahv15/API_Framework3/forks","keys_url":"https://api.github.com/repos/supriyahv15/API_Framework3/keys{/key_id}","collaborators_url":"https://api.github.com/repos/supriyahv15/API_Framework3/collaborators{/collaborator}","teams_url":"https://api.github.com/repos/supriyahv15/API_Framework3/teams","hooks_url":"https://api.github.com/repos/supriyahv15/API_Framework3/hooks","issue_events_url":"https://api.github.com/repos/supriyahv15/API_Framework3/issues/events{/number}","events_url":"https://api.github.com/repos/supriyahv15/API_Framework3/events","assignees_url":"https://api.github.com/repos/supriyahv15/API_Framework3/assignees{/user}","branches_url":"https://api.github.com/repos/supriyahv15/API_Framework3/branches{/branch}","tags_url":"https://api.github.com/repos/supriyahv15/API_Framework3/tags","blobs_url":"https://api.github.com/repos/supriyahv15/API_Framework3/git/blobs{/sha}","git_tags_url":"https://api.github.com/repos/supriyahv15/API_Framework3/git/tags{/sha}","git_refs_url":"https://api.github.com/repos/supriyahv15/API_Framework3/git/refs{/sha}","trees_url":"https://api.github.com/repos/supriyahv15/API_Framework3/git/trees{/sha}","statuses_url":"https://api.github.com/repos/supriyahv15/API_Framework3/statuses/{sha}","languages_url":"https://api.github.com/repos/supriyahv15/API_Framework3/languages","stargazers_url":"https://api.github.com/repos/supriyahv15/API_Framework3/stargazers","contributors_url":"https://api.github.com/repos/supriyahv15/API_Framework3/contributors","subscribers_url":"https://api.github.com/repos/supriyahv15/API_Framework3/subscribers","subscription_url":"https://api.github.com/repos/supriyahv15/API_Framework3/subscription","commits_url":"https://api.github.com/repos/supriyahv15/API_Framework3/commits{/sha}","git_commits_url":"https://api.github.com/repos/supriyahv15/API_Framework3/git/commits{/sha}","comments_url":"https://api.github.com/repos/supriyahv15/API_Framework3/comments{/number}","issue_comment_url":"https://api.github.com/repos/supriyahv15/API_Framework3/issues/comments{/number}","contents_url":"https://api.github.com/repos/supriyahv15/API_Framework3/contents/{+path}","compare_url":"https://api.github.com/repos/supriyahv15/API_Framework3/compare/{base}...{head}","merges_url":"https://api.github.com/repos/supriyahv15/API_Framework3/merges","archive_url":"https://api.github.com/repos/supriyahv15/API_Framework3/{archive_format}{/ref}","downloads_url":"https://api.github.com/repos/supriyahv15/API_Framework3/downloads","issues_url":"https://api.github.com/repos/supriyahv15/API_Framework3/issues{/number}","pulls_url":"https://api.github.com/repos/supriyahv15/API_Framework3/pulls{/number}","milestones_url":"https://api.github.com/repos/supriyahv15/API_Framework3/milestones{/number}","notifications_url":"https://api.github.com/repos/supriyahv15/API_Framework3/notifications{?since,all,participating}","labels_url":"https://api.github.com/repos/supriyahv15/API_Framework3/labels{/name}","releases_url":"https://api.github.com/repos/supriyahv15/API_Framework3/releases{/id}","deployments_url":"https://api.github.com/repos/supriyahv15/API_Framework3/deployments"}]]>
  </system-out>
</testsuite> <!-- TestCases.TransferRepository -->
