<?xml version="1.0" encoding="UTF-8"?>
<!-- Generated by org.testng.reporters.JUnitReportReporter -->
<testsuite hostname="DESKTOP-0FVFNCI" failures="0" tests="1" name="TestCases.EnableVulnerability" time="2.097" errors="0" timestamp="2023-12-29T15:29:28 IST" skipped="0">
  <testcase classname="TestCases.EnableVulnerability" name="enableVulnerability" time="2.097"/>
  <system-out/>
</testsuite> <!-- TestCases.EnableVulnerability -->
