<?xml version="1.0" encoding="UTF-8"?>
<!-- Generated by org.testng.reporters.JUnitReportReporter -->
<testsuite hostname="DESKTOP-0FVFNCI" failures="0" tests="1" name="TestCases.ListofForks" time="2.032" errors="0" timestamp="2023-12-29T15:46:08 IST" skipped="0">
  <testcase classname="TestCases.ListofForks" name="listOfForks" time="2.032"/>
  <system-out>
    <![CDATA[[{"id":736937828,"node_id":"R_kgDOK-zHZA","name":"Api_Framework34567","full_name":"vinitham889/Api_Framework34567","private":false,"owner":{"login":"vinitham889","id":138013280,"node_id":"U_kgDOCDnqYA","avatar_url":"https://avatars.githubusercontent.com/u/138013280?v=4","gravatar_id":"","url":"https://api.github.com/users/vinitham889","html_url":"https://github.com/vinitham889","followers_url":"https://api.github.com/users/vinitham889/followers","following_url":"https://api.github.com/users/vinitham889/following{/other_user}","gists_url":"https://api.github.com/users/vinitham889/gists{/gist_id}","starred_url":"https://api.github.com/users/vinitham889/starred{/owner}{/repo}","subscriptions_url":"https://api.github.com/users/vinitham889/subscriptions","organizations_url":"https://api.github.com/users/vinitham889/orgs","repos_url":"https://api.github.com/users/vinitham889/repos","events_url":"https://api.github.com/users/vinitham889/events{/privacy}","received_events_url":"https://api.github.com/users/vinitham889/received_events","type":"User","site_admin":false},"html_url":"https://github.com/vinitham889/Api_Framework34567","description":"my framework34567","fork":true,"url":"https://api.github.com/repos/vinitham889/Api_Framework34567","forks_url":"https://api.github.com/repos/vinitham889/Api_Framework34567/forks","keys_url":"https://api.github.com/repos/vinitham889/Api_Framework34567/keys{/key_id}","collaborators_url":"https://api.github.com/repos/vinitham889/Api_Framework34567/collaborators{/collaborator}","teams_url":"https://api.github.com/repos/vinitham889/Api_Framework34567/teams","hooks_url":"https://api.github.com/repos/vinitham889/Api_Framework34567/hooks","issue_events_url":"https://api.github.com/repos/vinitham889/Api_Framework34567/issues/events{/number}","events_url":"https://api.github.com/repos/vinitham889/Api_Framework34567/events","assignees_url":"https://api.github.com/repos/vinitham889/Api_Framework34567/assignees{/user}","branches_url":"https://api.github.com/repos/vinitham889/Api_Framework34567/branches{/branch}","tags_url":"https://api.github.com/repos/vinitham889/Api_Framework34567/tags","blobs_url":"https://api.github.com/repos/vinitham889/Api_Framework34567/git/blobs{/sha}","git_tags_url":"https://api.github.com/repos/vinitham889/Api_Framework34567/git/tags{/sha}","git_refs_url":"https://api.github.com/repos/vinitham889/Api_Framework34567/git/refs{/sha}","trees_url":"https://api.github.com/repos/vinitham889/Api_Framework34567/git/trees{/sha}","statuses_url":"https://api.github.com/repos/vinitham889/Api_Framework34567/statuses/{sha}","languages_url":"https://api.github.com/repos/vinitham889/Api_Framework34567/languages","stargazers_url":"https://api.github.com/repos/vinitham889/Api_Framework34567/stargazers","contributors_url":"https://api.github.com/repos/vinitham889/Api_Framework34567/contributors","subscribers_url":"https://api.github.com/repos/vinitham889/Api_Framework34567/subscribers","subscription_url":"https://api.github.com/repos/vinitham889/Api_Framework34567/subscription","commits_url":"https://api.github.com/repos/vinitham889/Api_Framework34567/commits{/sha}","git_commits_url":"https://api.github.com/repos/vinitham889/Api_Framework34567/git/commits{/sha}","comments_url":"https://api.github.com/repos/vinitham889/Api_Framework34567/comments{/number}","issue_comment_url":"https://api.github.com/repos/vinitham889/Api_Framework34567/issues/comments{/number}","contents_url":"https://api.github.com/repos/vinitham889/Api_Framework34567/contents/{+path}","compare_url":"https://api.github.com/repos/vinitham889/Api_Framework34567/compare/{base}...{head}","merges_url":"https://api.github.com/repos/vinitham889/Api_Framework34567/merges","archive_url":"https://api.github.com/repos/vinitham889/Api_Framework34567/{archive_format}{/ref}","downloads_url":"https://api.github.com/repos/vinitham889/Api_Framework34567/downloads","issues_url":"https://api.github.com/repos/vinitham889/Api_Framework34567/issues{/number}","pulls_url":"https://api.github.com/repos/vinitham889/Api_Framework34567/pulls{/number}","milestones_url":"https://api.github.com/repos/vinitham889/Api_Framework34567/milestones{/number}","notifications_url":"https://api.github.com/repos/vinitham889/Api_Framework34567/notifications{?since,all,participating}","labels_url":"https://api.github.com/repos/vinitham889/Api_Framework34567/labels{/name}","releases_url":"https://api.github.com/repos/vinitham889/Api_Framework34567/releases{/id}","deployments_url":"https://api.github.com/repos/vinitham889/Api_Framework34567/deployments","created_at":"2023-12-29T10:06:24Z","updated_at":"2023-12-29T10:06:25Z","pushed_at":"2023-12-29T10:05:23Z","git_url":"git://github.com/vinitham889/Api_Framework34567.git","ssh_url":"git@github.com:vinitham889/Api_Framework34567.git","clone_url":"https://github.com/vinitham889/Api_Framework34567.git","svn_url":"https://github.com/vinitham889/Api_Framework34567","homepage":null,"size":0,"stargazers_count":0,"watchers_count":0,"language":null,"has_issues":false,"has_projects":true,"has_downloads":true,"has_wiki":true,"has_pages":false,"has_discussions":false,"forks_count":0,"mirror_url":null,"archived":false,"disabled":false,"open_issues_count":0,"license":null,"allow_forking":true,"is_template":false,"web_commit_signoff_required":false,"topics":[],"visibility":"public","forks":0,"open_issues":0,"watchers":0,"default_branch":"master"}]]]>
  </system-out>
</testsuite> <!-- TestCases.ListofForks -->
