<?xml version="1.0" encoding="UTF-8"?>
<!-- Generated by org.testng.reporters.JUnitReportReporter -->
<testsuite hostname="DESKTOP-0FVFNCI" failures="0" tests="1" name="TestCases.UpdateRepository" time="4.217" errors="0" timestamp="2023-12-29T12:30:10 IST" skipped="0">
  <testcase classname="TestCases.UpdateRepository" name="updateRepo" time="4.217"/>
  <system-out/>
</testsuite> <!-- TestCases.UpdateRepository -->
